<?xml version="1.0" encoding="UTF-8"?>
<!-- Generated by org.testng.reporters.JUnitXMLReporter -->
<testsuite hostname="DESKTOP-7494VHC" ignored="0" name="Default test" tests="3" failures="0" timestamp="2024-02-27T15:28:42 IST" time="27.386" errors="0">
  <testcase name="loginPageNavigationTest" time="3.079" classname="com.qa.opencart.tests.LoginPageTest"/>
  <testcase name="forgotPwdLinkExistsTest" time="0.281" classname="com.qa.opencart.tests.LoginPageTest"/>
  <testcase name="appLoginTest" time="1.093" classname="com.qa.opencart.tests.LoginPageTest"/>
</testsuite> <!-- Default test -->
