<?xml version="1.0" encoding="UTF-8"?>
<!-- Generated by org.testng.reporters.JUnitXMLReporter -->
<testsuite hostname="DESKTOP-7494VHC" ignored="0" name="Open Cart Home Page Test" tests="5" failures="0" timestamp="2024-02-27T15:47:18 IST" time="24.474" errors="0">
  <testcase name="homePageTitleTest" time="0.057" classname="com.qa.opencart.tests.HomePageTest"/>
  <testcase name="homePageURLTest" time="0.002" classname="com.qa.opencart.tests.HomePageTest"/>
  <testcase name="searchTest" time="0.99" classname="com.qa.opencart.tests.HomePageTest"/>
  <testcase name="searchTest" time="0.341" classname="com.qa.opencart.tests.HomePageTest"/>
  <testcase name="searchTest" time="0.381" classname="com.qa.opencart.tests.HomePageTest"/>
</testsuite> <!-- Open Cart Home Page Test -->
